<?xml version="1.0" encoding="UTF-8"?>
<!-- Generated by org.testng.reporters.JUnitXMLReporter -->
<testsuite hostname="AB" ignored="0" name="Default test" tests="4" failures="0" timestamp="01 Aug 2019 18:36:30 GMT" time="110.978" errors="0">
  <testcase name="loginIntoVtigerApp" time="39.545" classname="com.vtiger.webpageScripts.LoginPageScript"/>
  <testcase name="leadCreation" time="7.903" classname="com.vtiger.webpageScripts.DashBoardPageScript"/>
  <testcase name="leadModify" time="49.619" classname="com.vtiger.webpageScripts.LeadPageScript"/>
  <testcase name="deleteLead" time="13.843" classname="com.vtiger.webpageScripts.LeadPageDelete"/>
</testsuite> <!-- Default test -->
