<?xml version="1.0" encoding="UTF-8"?>
<!-- Generated by org.testng.reporters.JUnitXMLReporter -->
<testsuite hostname="AB" ignored="0" name="Test" tests="2" failures="1" timestamp="30 Jul 2019 18:20:59 GMT" time="43.219" errors="0">
  <testcase name="leadCreation" time="0.032" classname="com.vtiger.webpageScripts.DashBoardPageScript">
    <failure type="java.lang.NullPointerException">
      <![CDATA[java.lang.NullPointerException
at com.vtiger.webpageScripts.DashBoardPageScript.leadCreation(DashBoardPageScript.java:21)
... Removed 25 stack frames]]>
    </failure>
  </testcase> <!-- leadCreation -->
  <testcase name="loginIntoVtigerApp" time="43.125" classname="com.vtiger.webpageScripts.LoginPageScript"/>
</testsuite> <!-- Test -->
