<?xml version="1.0" encoding="UTF-8"?>
<!-- Generated by org.testng.reporters.JUnitXMLReporter -->
<testsuite hostname="AB" ignored="0" name="VtigerUsingXML" tests="3" failures="0" timestamp="19 Jul 2019 19:47:41 GMT" time="108.406" errors="0">
  <testcase name="leadCreation" time="7.048" classname="com.automation.session7TestNG.VtigerUsingXML"/>
  <testcase name="leadModify" time="21.525" classname="com.automation.session7TestNG.VtigerUsingXML"/>
  <testcase name="leadDelete" time="11.43" classname="com.automation.session7TestNG.VtigerUsingXML"/>
</testsuite> <!-- VtigerUsingXML -->
